c:\岡田就活\dd\source\framework2020\framework\x64\debug\framework.pdb
c:\岡田就活\dd\source\framework2020\framework\x64\debug\framework.idb
c:\岡田就活\dd\source\framework2020\framework\x64\debug\log.obj
c:\岡田就活\dd\source\framework2020\framework\x64\debug\loadcsv.obj
c:\岡田就活\dd\source\framework2020\framework\x64\debug\kinect.obj
c:\岡田就活\dd\source\framework2020\framework\x64\debug\keyboard.obj
c:\岡田就活\dd\source\framework2020\framework\x64\debug\introduction.obj
c:\岡田就活\dd\source\framework2020\framework\x64\debug\imagetarget.obj
c:\岡田就活\dd\source\framework2020\framework\x64\debug\image.obj
c:\岡田就活\dd\source\framework2020\framework\x64\debug\helper.obj
c:\岡田就活\dd\source\framework2020\framework\x64\debug\graph.obj
c:\岡田就活\dd\source\framework2020\framework\x64\debug\gesture.obj
c:\岡田就活\dd\source\framework2020\framework\x64\debug\filesearchstate.obj
c:\岡田就活\dd\source\framework2020\framework\x64\debug\exception.obj
c:\岡田就活\dd\source\framework2020\framework\x64\debug\effector.obj
c:\岡田就活\dd\source\framework2020\framework\x64\debug\effect.obj
c:\岡田就活\dd\source\framework2020\framework\x64\debug\drawer.obj
c:\岡田就活\dd\source\framework2020\framework\x64\debug\device.obj
c:\岡田就活\dd\source\framework2020\framework\x64\debug\client.obj
c:\岡田就活\dd\source\framework2020\framework\x64\debug\binary.obj
c:\岡田就活\dd\source\framework2020\framework\x64\debug\billboard.obj
c:\岡田就活\dd\source\framework2020\framework\x64\debug\application.obj
c:\岡田就活\dd\source\framework2020\framework\x64\debug\winmain.obj
c:\岡田就活\dd\source\framework2020\framework\x64\debug\vertexshader.obj
c:\岡田就活\dd\source\framework2020\framework\x64\debug\touch.obj
c:\岡田就活\dd\source\framework2020\framework\x64\debug\tool.obj
c:\岡田就活\dd\source\framework2020\framework\x64\debug\taskmanager.obj
c:\岡田就活\dd\source\framework2020\framework\x64\debug\sprites.obj
c:\岡田就活\dd\source\framework2020\framework\x64\debug\sound.obj
c:\岡田就活\dd\source\framework2020\framework\x64\debug\softimage.obj
c:\岡田就活\dd\source\framework2020\framework\x64\debug\pixelshader.obj
c:\岡田就活\dd\source\framework2020\framework\x64\debug\server.obj
c:\岡田就活\dd\source\framework2020\framework\x64\debug\scene.obj
c:\岡田就活\dd\source\framework2020\framework\x64\debug\primitive3dshader.obj
c:\岡田就活\dd\source\framework2020\framework\x64\debug\primitive2dshader.obj
c:\岡田就活\dd\source\framework2020\framework\x64\debug\primitive.obj
c:\岡田就活\dd\source\framework2020\framework\x64\debug\option.obj
c:\岡田就活\dd\source\framework2020\framework\x64\debug\oculus.obj
c:\岡田就活\dd\source\framework2020\framework\x64\debug\movie.obj
c:\岡田就活\dd\source\framework2020\framework\x64\debug\mouse.obj
c:\岡田就活\dd\source\framework2020\framework\x64\debug\model.obj
c:\岡田就活\dd\source\framework2020\framework\x64\debug\looper.obj
c:\岡田就活\dd\source\dd2020\solution\x64\debug\framework.lib
c:\岡田就活\dd\source\framework2020\framework\x64\debug\framework.tlog\cl.command.1.tlog
c:\岡田就活\dd\source\framework2020\framework\x64\debug\framework.tlog\cl.read.1.tlog
c:\岡田就活\dd\source\framework2020\framework\x64\debug\framework.tlog\cl.write.1.tlog
c:\岡田就活\dd\source\framework2020\framework\x64\debug\framework.tlog\lib-link.read.1.tlog
c:\岡田就活\dd\source\framework2020\framework\x64\debug\framework.tlog\lib-link.write.1.tlog
c:\岡田就活\dd\source\framework2020\framework\x64\debug\framework.tlog\lib.command.1.tlog
