c:\users\user\documents\projects\active\framework2020\framework\x64\release\framework.pdb
c:\users\user\documents\projects\active\framework2020\framework\x64\release\oculus.obj
c:\users\user\documents\projects\active\framework2020\framework\x64\release\movie.obj
c:\users\user\documents\projects\active\framework2020\framework\x64\release\mouse.obj
c:\users\user\documents\projects\active\framework2020\framework\x64\release\model.obj
c:\users\user\documents\projects\active\framework2020\framework\x64\release\looper.obj
c:\users\user\documents\projects\active\framework2020\framework\x64\release\log.obj
c:\users\user\documents\projects\active\framework2020\framework\x64\release\loadcsv.obj
c:\users\user\documents\projects\active\framework2020\framework\x64\release\kinect.obj
c:\users\user\documents\projects\active\framework2020\framework\x64\release\keyboard.obj
c:\users\user\documents\projects\active\framework2020\framework\x64\release\introduction.obj
c:\users\user\documents\projects\active\framework2020\framework\x64\release\imagetarget.obj
c:\users\user\documents\projects\active\framework2020\framework\x64\release\image.obj
c:\users\user\documents\projects\active\framework2020\framework\x64\release\helper.obj
c:\users\user\documents\projects\active\framework2020\framework\x64\release\graph.obj
c:\users\user\documents\projects\active\framework2020\framework\x64\release\gesture.obj
c:\users\user\documents\projects\active\framework2020\framework\x64\release\filesearchstate.obj
c:\users\user\documents\projects\active\framework2020\framework\x64\release\exception.obj
c:\users\user\documents\projects\active\framework2020\framework\x64\release\effector.obj
c:\users\user\documents\projects\active\framework2020\framework\x64\release\effect.obj
c:\users\user\documents\projects\active\framework2020\framework\x64\release\drawer.obj
c:\users\user\documents\projects\active\framework2020\framework\x64\release\winmain.obj
c:\users\user\documents\projects\active\framework2020\framework\x64\release\vertexshader.obj
c:\users\user\documents\projects\active\framework2020\framework\x64\release\touch.obj
c:\users\user\documents\projects\active\framework2020\framework\x64\release\tool.obj
c:\users\user\documents\projects\active\framework2020\framework\x64\release\taskmanager.obj
c:\users\user\documents\projects\active\framework2020\framework\x64\release\sprites.obj
c:\users\user\documents\projects\active\framework2020\framework\x64\release\sound.obj
c:\users\user\documents\projects\active\framework2020\framework\x64\release\softimage.obj
c:\users\user\documents\projects\active\framework2020\framework\x64\release\server.obj
c:\users\user\documents\projects\active\framework2020\framework\x64\release\scene.obj
c:\users\user\documents\projects\active\framework2020\framework\x64\release\primitive3dshader.obj
c:\users\user\documents\projects\active\framework2020\framework\x64\release\primitive2dshader.obj
c:\users\user\documents\projects\active\framework2020\framework\x64\release\primitive.obj
c:\users\user\documents\projects\active\framework2020\framework\x64\release\pixelshader.obj
c:\users\user\documents\projects\active\framework2020\framework\x64\release\option.obj
c:\users\user\documents\projects\active\dd2020\solution\x64\release\framework.lib
c:\users\user\documents\projects\active\framework2020\framework\x64\release\application.obj
c:\users\user\documents\projects\active\framework2020\framework\x64\release\billboard.obj
c:\users\user\documents\projects\active\framework2020\framework\x64\release\binary.obj
c:\users\user\documents\projects\active\framework2020\framework\x64\release\client.obj
c:\users\user\documents\projects\active\framework2020\framework\x64\release\device.obj
c:\users\user\documents\projects\active\framework2020\framework\x64\release\framework.tlog\cl.command.1.tlog
c:\users\user\documents\projects\active\framework2020\framework\x64\release\framework.tlog\cl.read.1.tlog
c:\users\user\documents\projects\active\framework2020\framework\x64\release\framework.tlog\cl.write.1.tlog
c:\users\user\documents\projects\active\framework2020\framework\x64\release\framework.tlog\lib-link.read.1.tlog
c:\users\user\documents\projects\active\framework2020\framework\x64\release\framework.tlog\lib-link.write.1.tlog
c:\users\user\documents\projects\active\framework2020\framework\x64\release\framework.tlog\lib.command.1.tlog
