  Application.cpp
  Billboard.cpp
  Binary.cpp
  Client.cpp
  Device.cpp
  Drawer.cpp
  Effect.cpp
  Effector.cpp
  Exception.cpp
  FileSearchState.cpp
  Gesture.cpp
  Graph.cpp
  Helper.cpp
  Image.cpp
  ImageTarget.cpp
  Introduction.cpp
  Keyboard.cpp
  Kinect.cpp
  LoadCSV.cpp
  Log.cpp
  コンパイル中...
  Looper.cpp
  Model.cpp
  Mouse.cpp
  Movie.cpp
  Oculus.cpp
  Option.cpp
  Primitive.cpp
  Primitive2DShader.cpp
  Primitive3DShader.cpp
  Scene.cpp
  Server.cpp
  PixelShader.cpp
  SoftImage.cpp
  Sound.cpp
  Sprites.cpp
  TaskManager.cpp
  Tool.cpp
  Touch.cpp
  VertexShader.cpp
  WinMain.cpp
  Framework.vcxproj -> C:\Users\ryuno\OneDrive\デスクトップ\Personals\Solution\x64\Release\Framework.lib
